#
# A fatal error has been detected by the Java Runtime Environment:
#
#  Internal Error (os_windows_x86.cpp:114), pid=15924, tid=6000
#  Error: guarantee(result == -1,"Unexpected result from topLevelExceptionFilter")
#
# JRE version: 6.0_17-b04
# Java VM: Java HotSpot(TM) 64-Bit Server VM (14.3-b01 mixed mode windows-amd64 )
# If you would like to submit a bug report, please visit:
#   http://java.sun.com/webapps/bugreport/crash.jsp
# The crash happened outside the Java Virtual Machine in native code.
# See problematic frame for where to report the bug.
#

---------------  T H R E A D  ---------------

Current thread (0x000000003b46e800):  JavaThread "AWT-EventQueue-0" [_thread_in_native, id=6000, stack(0x0000000043d90000,0x0000000043e10000)]

Stack: [0x0000000043d90000,0x0000000043e10000]
[error occurred during error reporting (printing stack bounds), id 0xc0000005]

Java frames: (J=compiled Java code, j=interpreted, Vv=VM code)
j  sun.awt.windows.WInputMethod.endCompositionNative(IZ)V+0
j  sun.awt.windows.WInputMethod.endComposition()V+17
j  sun.awt.im.InputContext.endComposition()V+11
j  sun.awt.im.InputContext.focusGained(Ljava/awt/Component;)V+89
j  sun.awt.im.InputContext.dispatchEvent(Ljava/awt/AWTEvent;)V+100
j  sun.awt.im.InputMethodContext.dispatchEvent(Ljava/awt/AWTEvent;)V+58
j  java.awt.Component.dispatchEventImpl(Ljava/awt/AWTEvent;)V+322
j  java.awt.Component.dispatchEvent(Ljava/awt/AWTEvent;)V+2
j  java.awt.KeyboardFocusManager.redispatchEvent(Ljava/awt/Component;Ljava/awt/AWTEvent;)V+7
j  java.awt.DefaultKeyboardFocusManager.typeAheadAssertions(Ljava/awt/Component;Ljava/awt/AWTEvent;)Z+352
j  java.awt.DefaultKeyboardFocusManager.dispatchEvent(Ljava/awt/AWTEvent;)Z+963
j  java.awt.Component.dispatchEventImpl(Ljava/awt/AWTEvent;)V+131
j  java.awt.Component.dispatchEvent(Ljava/awt/AWTEvent;)V+2
j  java.awt.EventQueue.dispatchEvent(Ljava/awt/AWTEvent;)V+46
j  java.awt.SequencedEvent.dispatch()V+110
j  java.awt.EventQueue.dispatchEvent(Ljava/awt/AWTEvent;)V+26
j  java.awt.EventDispatchThread.pumpOneEventForFilters(I)Z+204
j  java.awt.EventDispatchThread.pumpEventsForFilter(ILjava/awt/Conditional;Ljava/awt/EventFilter;)V+30
j  java.awt.EventDispatchThread.pumpEventsForHierarchy(ILjava/awt/Conditional;Ljava/awt/Component;)V+11
j  java.awt.EventDispatchThread.pumpEvents(ILjava/awt/Conditional;)V+4
j  java.awt.EventDispatchThread.pumpEvents(Ljava/awt/Conditional;)V+3
j  java.awt.EventDispatchThread.run()V+9
v  ~StubRoutines::call_stub

---------------  P R O C E S S  ---------------

Java Threads: ( => current thread )
=>0x000000003b46e800 JavaThread "AWT-EventQueue-0" [_thread_in_native, id=6000, stack(0x0000000043d90000,0x0000000043e10000)]
  0x0000000039105800 JavaThread "AWT-Shutdown" [_thread_blocked, id=7560, stack(0x0000000040830000,0x00000000408b0000)]
  0x0000000039ba4800 JavaThread "FelixPackageAdmin" daemon [_thread_blocked, id=16148, stack(0x0000000042c90000,0x0000000042d10000)]
  0x0000000039ba3800 JavaThread "FelixStartLevel" daemon [_thread_blocked, id=3080, stack(0x0000000042010000,0x0000000042090000)]
  0x000000003b50c800 JavaThread "FelixDispatchQueue" daemon [_thread_blocked, id=4496, stack(0x0000000042b90000,0x0000000042c10000)]
  0x000000003ac8f800 JavaThread "com.google.common.base.internal.Finalizer" daemon [_thread_blocked, id=18276, stack(0x000000003c9b0000,0x000000003ca30000)]
  0x000000003ac84000 JavaThread "Image Fetcher 0" daemon [_thread_blocked, id=18168, stack(0x000000003c850000,0x000000003c8d0000)]
  0x000000003ab5c000 JavaThread "AWT-Windows" daemon [_thread_in_native, id=16684, stack(0x000000003b7a0000,0x000000003b820000)]
  0x000000003ab59000 JavaThread "Java2D Disposer" daemon [_thread_blocked, id=17600, stack(0x00000000399c0000,0x0000000039a40000)]
  0x000000003a74e000 JavaThread "JMI Unnamed Thread" [_thread_in_native, id=5408, stack(0x0000000020500000,0x0000000020600000)]
  0x00000000390ed800 JavaThread "Low Memory Detector" daemon [_thread_blocked, id=5340, stack(0x0000000039380000,0x0000000039400000)]
  0x00000000390e8000 JavaThread "CompilerThread1" daemon [_thread_blocked, id=17660, stack(0x0000000039880000,0x0000000039980000)]
  0x00000000390e5800 JavaThread "CompilerThread0" daemon [_thread_blocked, id=17500, stack(0x00000000396a0000,0x00000000397a0000)]
  0x00000000390e0000 JavaThread "Attach Listener" daemon [_thread_blocked, id=3128, stack(0x00000000394f0000,0x0000000039570000)]
  0x00000000203c9000 JavaThread "Finalizer" daemon [_thread_blocked, id=10708, stack(0x0000000039400000,0x0000000039480000)]
  0x00000000390c4000 JavaThread "Reference Handler" daemon [_thread_blocked, id=15680, stack(0x0000000039240000,0x00000000392c0000)]
  0x00000000202eb000 JavaThread "main" [_thread_in_native, id=14304, stack(0x0000000020b30000,0x0000000021330000)]

Other Threads:
  0x00000000390c1000 VMThread [stack: 0x0000000038e00000,0x0000000038f00000] [id=16676]
  0x00000000203df000 WatcherThread [stack: 0x0000000039a50000,0x0000000039b50000] [id=16592]

VM state:not at safepoint (normal execution)

VM Mutex/Monitor currently owned by a thread: None

Heap
 PSYoungGen      total 27840K, used 9846K [0x0000000035c90000, 0x0000000037b70000, 0x0000000038d90000)
  eden space 24192K, 30% used [0x0000000035c90000,0x00000000363d58b8,0x0000000037430000)
  from space 3648K, 65% used [0x00000000377e0000,0x0000000037a38000,0x0000000037b70000)
  to   space 3712K, 0% used [0x0000000037430000,0x0000000037430000,0x00000000377d0000)
 PSOldGen        total 49152K, used 6229K [0x000000002c990000, 0x000000002f990000, 0x0000000035c90000)
  object space 49152K, 12% used [0x000000002c990000,0x000000002cfa5430,0x000000002f990000)
 PSPermGen       total 32768K, used 24979K [0x0000000024990000, 0x0000000026990000, 0x000000002c990000)
  object space 32768K, 76% used [0x0000000024990000,0x00000000261f4fc8,0x0000000026990000)

Dynamic libraries:
0x0000000000830000 - 0x000000000083a000 	C:\Users\mpcl\Desktop\Project\VLC_simulator_Ver1\VLC_simulator_Ver1\bin\Debug\VLC_simulator_Ver1.exe
0x00000000773b0000 - 0x000000007755b000 	C:\Windows\SYSTEM32\ntdll.dll
0x000007fef8e10000 - 0x000007fef8e7f000 	C:\Windows\SYSTEM32\MSCOREE.DLL
0x0000000077190000 - 0x00000000772af000 	C:\Windows\system32\KERNEL32.dll
0x000007fefd500000 - 0x000007fefd56b000 	C:\Windows\system32\KERNELBASE.dll
0x000007fefe730000 - 0x000007fefe80b000 	C:\Windows\system32\ADVAPI32.dll
0x000007fefe400000 - 0x000007fefe49f000 	C:\Windows\system32\msvcrt.dll
0x000007feff6a0000 - 0x000007feff6bf000 	C:\Windows\SYSTEM32\sechost.dll
0x000007fefd820000 - 0x000007fefd94e000 	C:\Windows\system32\RPCRT4.dll
0x000007fef8d80000 - 0x000007fef8e10000 	C:\Windows\Microsoft.NET\Framework64\v4.0.30319\mscoreei.dll
0x000007feff620000 - 0x000007feff691000 	C:\Windows\system32\SHLWAPI.dll
0x000007fefd6e0000 - 0x000007fefd747000 	C:\Windows\system32\GDI32.dll
0x00000000772b0000 - 0x00000000773aa000 	C:\Windows\system32\USER32.dll
0x000007fefda80000 - 0x000007fefda8e000 	C:\Windows\system32\LPK.dll
0x000007fefdd20000 - 0x000007fefddea000 	C:\Windows\system32\USP10.dll
0x000007fefe810000 - 0x000007fefe83e000 	C:\Windows\system32\IMM32.DLL
0x000007fefdc10000 - 0x000007fefdd19000 	C:\Windows\system32\MSCTF.dll
0x000007fee7e40000 - 0x000007fee87a5000 	C:\Windows\Microsoft.NET\Framework64\v4.0.30319\clr.dll
0x000007fee7d60000 - 0x000007fee7e31000 	C:\Windows\system32\MSVCR100_CLR0400.dll
0x000007fee1a70000 - 0x000007fee2ce7000 	C:\Windows\assembly\NativeImages_v4.0.30319_64\mscorlib\a7e82e3e824a3a255f5a8ce723973870\mscorlib.ni.dll
0x000007fefe1f0000 - 0x000007fefe3f1000 	C:\Windows\system32\ole32.dll
0x000007fefd240000 - 0x000007fefd24f000 	C:\Windows\system32\CRYPTBASE.dll
0x000007fefba60000 - 0x000007fefbab6000 	C:\Windows\system32\uxtheme.dll
0x0000000180000000 - 0x000000018002f000 	C:\Windows\system32\ImageSAFERFilter.dll
0x000007fefe840000 - 0x000007feff5c6000 	C:\Windows\system32\SHELL32.dll
0x00000000736a0000 - 0x0000000073773000 	C:\Windows\WinSxS\amd64_microsoft.vc90.crt_1fc8b3b9a1e18e3b_9.0.30729.6161_none_08e61857a83bc251\MSVCP90.dll
0x00000000735f0000 - 0x0000000073693000 	C:\Windows\WinSxS\amd64_microsoft.vc90.crt_1fc8b3b9a1e18e3b_9.0.30729.6161_none_08e61857a83bc251\MSVCR90.dll
0x000007fefc140000 - 0x000007fefc14c000 	C:\Windows\system32\VERSION.dll
0x000007fefaa30000 - 0x000007fefaa37000 	C:\Windows\system32\MSIMG32.dll
0x000007fef8f30000 - 0x000007fef8f44000 	C:\Windows\Microsoft.NET\Framework64\v4.0.30319\nlssorting.dll
0x000007fef2a80000 - 0x000007fef2bf7000 	C:\Windows\Microsoft.NET\Framework64\v4.0.30319\clrjit.dll
0x000007fefdb30000 - 0x000007fefdc07000 	C:\Windows\system32\OLEAUT32.dll
0x000007fee0f40000 - 0x000007fee1a70000 	C:\Windows\assembly\NativeImages_v4.0.30319_64\System\d0b654e0abfe955e60cbd5260c5e6a3a\System.ni.dll
0x000007fee74f0000 - 0x000007fee7718000 	C:\Windows\assembly\NativeImages_v4.0.30319_64\System.Drawing\5c5d2dac3821549f1c8b07c4ba88fa00\System.Drawing.ni.dll
0x000007fede590000 - 0x000007fedf5d4000 	C:\Windows\assembly\NativeImages_v4.0.30319_64\System.Windows.Forms\f06ba43b9b74c1856fd329454c4bac75\System.Windows.Forms.ni.dll
0x000007fee7bf0000 - 0x000007fee7d23000 	C:\Windows\assembly\NativeImages_v4.0.30319_64\System.Configuration\66d692f041b50f223680ec8dd9a7aed7\System.Configuration.ni.dll
0x000007fee0890000 - 0x000007fee0f3a000 	C:\Windows\assembly\NativeImages_v4.0.30319_64\System.Xml\bac6c54ea4ab53fae5af69e5f53f191c\System.Xml.ni.dll
0x00000000719b0000 - 0x00000000719ba000 	C:\Windows\assembly\GAC_MSIL\Microsoft.VisualStudio.Debugger.Runtime\10.0.0.0__b03f5f7f11d50a3a\Microsoft.VisualStudio.Debugger.Runtime.dll
0x000000006db50000 - 0x000000006db5b000 	C:\Program Files\Microsoft Visual Studio 10.0\Common7\Packages\Debugger\X64\Microsoft.VisualStudio.Debugger.Runtime.Impl.dll
0x000000006e8a0000 - 0x000000006e972000 	C:\Windows\system32\MSVCR100.dll
0x000007fefcbe0000 - 0x000007fefcbf7000 	C:\Windows\system32\CRYPTSP.dll
0x000007fefc8e0000 - 0x000007fefc927000 	C:\Windows\system32\rsaenh.dll
0x000007fefd2f0000 - 0x000007fefd304000 	C:\Windows\system32\RpcRtRemote.dll
0x000000006db30000 - 0x000000006db40000 	C:\Users\mpcl\Desktop\Project\VLC_simulator_Ver1\VLC_simulator_Ver1\bin\Debug\InputSignal.dll
0x000007fef4f20000 - 0x000007fef500a000 	C:\Windows\Microsoft.NET\Framework64\v4.0.30319\diasymreader.dll
0x000000006ce30000 - 0x000000006ce50000 	C:\Windows\assembly\GAC_64\MWArray\2.11.1.0__e1d84a0da19db86f\MWArray.dll
0x000007fef5cb0000 - 0x000007fef5d15000 	C:\Program Files\MATLAB\R2011b\runtime\win64\mclmcrrt7_16.dll
0x0000000077570000 - 0x0000000077577000 	C:\Windows\system32\PSAPI.DLL
0x0000000075a20000 - 0x0000000075ad5000 	C:\Program Files\MATLAB\R2011b\bin\win64\libmx.dll
0x0000000000480000 - 0x000000000048b000 	C:\Program Files\MATLAB\R2011b\bin\win64\libmwresource_core.dll
0x00000000758a0000 - 0x0000000075944000 	C:\Program Files\MATLAB\R2011b\bin\win64\libmwi18n.dll
0x000000007a170000 - 0x000000007a19c000 	C:\Program Files\MATLAB\R2011b\bin\win64\boost_filesystem-vc90-mt-1_44.dll
0x000000007a560000 - 0x000000007a569000 	C:\Program Files\MATLAB\R2011b\bin\win64\boost_system-vc90-mt-1_44.dll
0x000000007a010000 - 0x000000007a035000 	C:\Program Files\MATLAB\R2011b\bin\win64\LIBEXPAT.dll
0x000000005c6a0000 - 0x000000005c891000 	C:\Program Files\MATLAB\R2011b\bin\win64\icuin44.dll
0x000000005d960000 - 0x000000005dad1000 	C:\Program Files\MATLAB\R2011b\bin\win64\icuuc44.dll
0x000000001be40000 - 0x000000001cc81000 	C:\Program Files\MATLAB\R2011b\bin\win64\icudt44.dll
0x0000000074460000 - 0x0000000074563000 	C:\Program Files\MATLAB\R2011b\bin\win64\libut.dll
0x0000000073f70000 - 0x00000000740b5000 	C:\Program Files\MATLAB\R2011b\bin\win64\libmwfl.dll
0x000000007a350000 - 0x000000007a556000 	C:\Program Files\MATLAB\R2011b\bin\win64\libmwMATLAB_res.dll
0x0000000000550000 - 0x0000000000560000 	C:\Program Files\MATLAB\R2011b\bin\win64\boost_date_time-vc90-mt-1_44.dll
0x000000007a250000 - 0x000000007a263000 	C:\Program Files\MATLAB\R2011b\bin\win64\boost_signals-vc90-mt-1_44.dll
0x000000007a2d0000 - 0x000000007a2e2000 	C:\Program Files\MATLAB\R2011b\bin\win64\boost_thread-vc90-mt-1_44.dll
0x00000000007a0000 - 0x00000000007e6000 	C:\Program Files\MATLAB\R2011b\bin\win64\tbb.dll
0x000007fefe1d0000 - 0x000007fefe1e7000 	C:\Windows\system32\imagehlp.dll
0x0000000073bf0000 - 0x0000000073c03000 	C:\Program Files\MATLAB\R2011b\bin\win64\icuio44.dll
0x000007fef3af0000 - 0x000007fef3c15000 	C:\Windows\system32\dbghelp.dll
0x000000007a210000 - 0x000000007a228000 	C:\Program Files\MATLAB\R2011b\bin\win64\zlib1.dll
0x0000000076100000 - 0x0000000076158000 	C:\Program Files\MATLAB\R2011b\bin\win64\libmat.dll
0x0000000072d30000 - 0x0000000072f44000 	C:\Program Files\MATLAB\R2011b\bin\win64\hdf5dll.dll
0x000000001cea0000 - 0x000000001d103000 	C:\Program Files\MATLAB\R2011b\bin\win64\mclmcr.dll
0x0000000074970000 - 0x0000000074a41000 	C:\Program Files\MATLAB\R2011b\bin\win64\mcr.dll
0x0000000075000000 - 0x0000000075324000 	C:\Program Files\MATLAB\R2011b\bin\win64\iqm.dll
0x000000007bed0000 - 0x000000007c148000 	C:\Program Files\MATLAB\R2011b\bin\win64\libmwservices.dll
0x0000000074330000 - 0x0000000074453000 	C:\Program Files\MATLAB\R2011b\bin\win64\libmwmathutil.dll
0x0000000075f10000 - 0x0000000075f5d000 	C:\Program Files\MATLAB\R2011b\bin\win64\mpath.dll
0x000000007b680000 - 0x000000007bb4d000 	C:\Program Files\MATLAB\R2011b\bin\win64\mlutil.dll
0x000000006e540000 - 0x000000006e5bf000 	C:\Program Files\MATLAB\R2011b\bin\win64\xmlcore.dll
0x000000007bc30000 - 0x000000007be83000 	C:\Program Files\MATLAB\R2011b\bin\win64\xerces-c_2_7.dll
0x000007fefd7d0000 - 0x000007fefd81d000 	C:\Windows\system32\WS2_32.dll
0x000007fefe720000 - 0x000007fefe728000 	C:\Windows\system32\NSI.dll
0x0000000001ef0000 - 0x0000000001f06000 	C:\Program Files\MATLAB\R2011b\bin\win64\libmwsettings_res.dll
0x0000000002170000 - 0x00000000021b7000 	C:\Program Files\MATLAB\R2011b\bin\win64\boost_serialization-vc90-mt-1_44.dll
0x000007fefd400000 - 0x000007fefd4a0000 	C:\Windows\WinSxS\amd64_microsoft.windows.common-controls_6595b64144ccf1df_5.82.7600.16385_none_a44af8ec57f961cf\COMCTL32.dll
0x000007fefe4a0000 - 0x000007fefe538000 	C:\Windows\system32\COMDLG32.dll
0x000007fefad10000 - 0x000007fefad26000 	C:\Windows\system32\NETAPI32.dll
0x000007fefad00000 - 0x000007fefad0c000 	C:\Windows\system32\netutils.dll
0x000007fefcf40000 - 0x000007fefcf63000 	C:\Windows\system32\srvcli.dll
0x000007feface0000 - 0x000007fefacf5000 	C:\Windows\system32\wkscli.dll
0x000000001d110000 - 0x000000001d8e0000 	C:\Program Files\MATLAB\R2011b\bin\win64\m_interpreter.dll
0x0000000073c40000 - 0x0000000073c55000 	C:\Program Files\MATLAB\R2011b\bin\win64\libmex.dll
0x0000000070b10000 - 0x0000000070bbe000 	C:\Program Files\MATLAB\R2011b\bin\win64\m_dispatcher.dll
0x0000000074880000 - 0x000000007496d000 	C:\Program Files\MATLAB\R2011b\bin\win64\boost_regex-vc90-mt-1_44.dll
0x000000006e460000 - 0x000000006e4e4000 	C:\Program Files\MATLAB\R2011b\bin\win64\profiler.dll
0x0000000079f40000 - 0x0000000079f73000 	C:\Program Files\MATLAB\R2011b\bin\win64\libmwmathrng.dll
0x0000000074c10000 - 0x0000000074cea000 	C:\Program Files\MATLAB\R2011b\bin\win64\libmwmathcore.dll
0x0000000076160000 - 0x00000000761cb000 	C:\Program Files\MATLAB\R2011b\bin\win64\libmwspmatrix.dll
0x0000000075ea0000 - 0x0000000075f02000 	C:\Program Files\MATLAB\R2011b\bin\win64\libmwcholmod.dll
0x000000001add0000 - 0x000000001addd000 	C:\Program Files\MATLAB\R2011b\bin\win64\libmwamd.dll
0x000000001adf0000 - 0x000000001adfc000 	C:\Program Files\MATLAB\R2011b\bin\win64\libmwcolamd.dll
0x0000000070bf0000 - 0x0000000070c09000 	C:\Program Files\MATLAB\R2011b\bin\win64\libmwblas.dll
0x0000000073bd0000 - 0x0000000073be2000 	C:\Program Files\MATLAB\R2011b\bin\win64\libmwbinder.dll
0x0000000070c20000 - 0x0000000070c2b000 	C:\Program Files\MATLAB\R2011b\bin\win64\libmwompwrapper.dll
0x000000006dd40000 - 0x000000006ddc2000 	C:\Program Files\MATLAB\R2011b\bin\win64\libmwlapack.dll
0x00000000700a0000 - 0x00000000700c1000 	C:\Program Files\MATLAB\R2011b\bin\win64\m_pcodeio.dll
0x0000000079b10000 - 0x0000000079b77000 	C:\Program Files\MATLAB\R2011b\bin\win64\m_ir.dll
0x00000000787a0000 - 0x0000000078de0000 	C:\Program Files\MATLAB\R2011b\bin\win64\m_parser.dll
0x0000000070bd0000 - 0x0000000070bea000 	C:\Program Files\MATLAB\R2011b\bin\win64\ir_xfmr.dll
0x000000005b920000 - 0x000000005bba5000 	C:\Program Files\MATLAB\R2011b\bin\win64\mcos.dll
0x0000000070090000 - 0x000000007009c000 	C:\Program Files\MATLAB\R2011b\bin\win64\mtok.dll
0x000000006dd00000 - 0x000000006dd31000 	C:\Program Files\MATLAB\R2011b\bin\win64\m_pcodegen.dll
0x0000000079fb0000 - 0x0000000079fe5000 	C:\Program Files\MATLAB\R2011b\bin\win64\libmwbridge.dll
0x000000005ec40000 - 0x000000005ed08000 	C:\Program Files\MATLAB\R2011b\bin\win64\udd.dll
0x000000005ddc0000 - 0x000000005df07000 	C:\Program Files\MATLAB\R2011b\bin\win64\libmwgui.dll
0x000000006ff90000 - 0x000000006ffa7000 	C:\Program Files\MATLAB\R2011b\bin\win64\graphics_util.dll
0x000000001d8e0000 - 0x000000001e290000 	C:\Program Files\MATLAB\R2011b\bin\win64\hg.dll
0x0000000075710000 - 0x000000007579d000 	C:\Program Files\MATLAB\R2011b\bin\win64\jmi.dll
0x000000001b470000 - 0x000000001b47e000 	C:\Program Files\MATLAB\R2011b\bin\win64\nativejava_services.dll
0x000000006db60000 - 0x000000006dba3000 	C:\Program Files\MATLAB\R2011b\bin\win64\libmwhardcopy.dll
0x0000000065840000 - 0x00000000658a3000 	C:\Program Files\MATLAB\R2011b\bin\win64\libuij.dll
0x000000005d750000 - 0x000000005d957000 	C:\Program Files\MATLAB\R2011b\bin\win64\hgdatatypes.dll
0x000000005c5a0000 - 0x000000005c699000 	C:\Program Files\MATLAB\R2011b\bin\win64\hgutils.dll
0x0000000065780000 - 0x000000006583d000 	C:\Program Files\MATLAB\R2011b\bin\win64\udd_mi.dll
0x000000001e290000 - 0x000000001e559000 	C:\Program Files\MATLAB\R2011b\bin\win64\uiw.dll
0x0000000070080000 - 0x000000007008f000 	C:\Program Files\MATLAB\R2011b\bin\win64\uinone.dll
0x000007fef9dc0000 - 0x000007fef9dd8000 	C:\Windows\system32\MPR.dll
0x0000000077710000 - 0x0000000077bf4000 	C:\Windows\WinSxS\amd64_microsoft.vc90.mfc_1fc8b3b9a1e18e3b_9.0.30729.6161_none_044aad0bab1eb146\mfc90.dll
0x000007fefa2f0000 - 0x000007fefa360000 	C:\Windows\system32\WINSPOOL.DRV

VM Arguments:
jvm_args: -Xss512k -XX:PermSize=32m -Xms64m -XX:NewRatio=3 -XX:MaxPermSize=128m -Xmx196m -XX:MaxDirectMemorySize=2147400000 -Dsun.java2d.noddraw=true -Dsun.awt.nopixfmt=true -Xshare:off -Xrs -Dsun.awt.disableMixing=true -Djava.library.path=C:\Program Files\MATLAB\R2011b\bin\win64 vfprintf abort 
java_command: <unknown>
Launcher Type: generic

Environment Variables:
PATH=C:\Program Files\MATLAB\R2011b\bin\win64\;C:\Program Files (x86)\Wizvera\Delfino;C:\Program Files (x86)\Intel\iCLS Client\;C:\Program Files\Intel\iCLS Client\;C:\Program Files (x86)\NVIDIA Corporation\PhysX\Common;C:\Windows\system32;C:\Windows;C:\Windows\System32\Wbem;C:\Windows\System32\WindowsPowerShell\v1.0\;C:\Program Files\Intel\Intel(R) Management Engine Components\DAL;C:\Program Files\Intel\Intel(R) Management Engine Components\IPT;C:\Program Files (x86)\Intel\Intel(R) Management Engine Components\DAL;C:\Program Files (x86)\Intel\Intel(R) Management Engine Components\IPT;c:\Program Files (x86)\Microsoft SQL Server\100\Tools\Binn\;c:\Program Files\Microsoft SQL Server\100\Tools\Binn\;c:\Program Files\Microsoft SQL Server\100\DTS\Binn\;C:\Program Files (x86)\Microsoft SQL Server\100\Tools\Binn\VSShell\Common7\IDE\;C:\Program Files (x86)\Microsoft SQL Server\100\DTS\Binn\;C:\Program Files (x86)\Microsoft Visual Studio 9.0\Common7\IDE\PrivateAssemblies\;C:\Program Files\MATLAB\R2011b\runtime\win64;C:\Program Files\MATLAB\R2011b\bin;C:\Program Files\MATLAB\MATLAB Compiler Runtime\v716\runtime\win64
USERNAME=mpcl
OS=Windows_NT
PROCESSOR_IDENTIFIER=Intel64 Family 6 Model 58 Stepping 9, GenuineIntel



---------------  S Y S T E M  ---------------

OS: Windows 7 Build 7600 

CPU:total 4 (8 cores per cpu, 2 threads per core) family 6 model 58 stepping 9, cmov, cx8, fxsr, mmx, sse, sse2, sse3, ssse3, sse4.1, sse4.2, ht

Memory: 4k page, physical 12537012k(3405028k free), swap 25072128k(13502464k free)

vm_info: Java HotSpot(TM) 64-Bit Server VM (14.3-b01) for windows-amd64 JRE (1.6.0_17-b04), built on Oct 11 2009 00:46:08 by "java_re" with MS VC++ 8.0

time: Tue Mar 19 22:42:45 2013
elapsed time: 11 seconds

